<?xml version="1.0" encoding="UTF-8"?>
<!-- Generated by org.testng.reporters.JUnitXMLReporter -->
<testsuite ignored="1" hostname="DESKTOP-8FP92BJ" failures="1" tests="3" name="Test" time="0.135" errors="0" timestamp="2023-11-22T21:39:01 EST">
  <testcase classname="TestNG_Day1.ignoringTests" name="assertTesting" time="0.031">
    <failure type="java.lang.AssertionError" message="expected [Gothem] but found [Gautam]">
      <![CDATA[java.lang.AssertionError: expected [Gothem] but found [Gautam]
at TestNG_Day1.ignoringTests.assertTesting(ignoringTests.java:23)
at java.base/java.util.ArrayList.forEach(ArrayList.java:1596)
... Removed 31 stack frames]]>
    </failure>
  </testcase> <!-- assertTesting -->
  <testcase classname="TestNG_Day1.BasicAnnotations" name="test1" time="0.003"/>
  <testcase classname="TestNG_Day1.BasicAnnotations" name="test2" time="0.003"/>
  <testcase classname="TestNG_Day1.ignoringTests" name="testPrintMessage" time="0.0">
    <ignored/>
  </testcase> <!-- testPrintMessage -->
</testsuite> <!-- Test -->
